<?xml version="1.0" encoding="UTF-8" standalone="yes"?>
<Settings>
    <rCount>2</rCount>
    <wCount>3</wCount>
    <idList>
        <id>1</id>
        <id>2</id>
        <id>3</id>
        <id>4</id>
        <id>5</id>
    </idList>
</Settings>
